TN:
SF:src\matrix\matrix.ts
FN:6,Matrix4
FN:18,set
FN:27,get
FN:36,multiplyByVector
FN:78,multiplyByMatrix
FN:92,reset
FN:103,copy
FN:109,multiply
FN:117,vector4
FNF:9
FNH:9
FNDA:3,Matrix4
FNDA:71,set
FNDA:44,get
FNDA:1,multiplyByVector
FNDA:1,multiplyByMatrix
FNDA:10,reset
FNDA:1,copy
FNDA:2,multiply
FNDA:1,vector4
DA:1,1
DA:2,1
DA:3,1
DA:4,1
DA:5,1
DA:6,1
DA:7,3
DA:8,3
DA:9,3
DA:10,3
DA:11,3
DA:12,3
DA:13,3
DA:14,3
DA:15,3
DA:16,3
DA:17,1
DA:18,1
DA:19,71
DA:20,2
DA:21,2
DA:22,2
DA:23,2
DA:24,69
DA:25,69
DA:26,1
DA:27,1
DA:28,44
DA:29,2
DA:30,2
DA:31,2
DA:32,2
DA:33,42
DA:34,42
DA:35,1
DA:36,1
DA:37,1
DA:38,1
DA:39,1
DA:40,1
DA:41,1
DA:42,1
DA:43,1
DA:44,1
DA:45,1
DA:46,1
DA:47,1
DA:48,1
DA:49,1
DA:50,1
DA:51,1
DA:52,1
DA:53,1
DA:54,1
DA:55,1
DA:56,1
DA:57,1
DA:58,1
DA:59,1
DA:60,1
DA:61,1
DA:62,1
DA:63,1
DA:64,1
DA:65,1
DA:66,1
DA:67,1
DA:68,1
DA:69,1
DA:70,1
DA:71,1
DA:72,1
DA:73,1
DA:74,1
DA:75,1
DA:76,1
DA:77,1
DA:78,1
DA:79,1
DA:80,1
DA:81,4
DA:82,16
DA:83,16
DA:84,16
DA:85,16
DA:86,16
DA:87,16
DA:88,4
DA:89,1
DA:90,1
DA:91,1
DA:92,1
DA:93,10
DA:94,160
DA:95,160
DA:96,10
DA:97,10
DA:98,10
DA:99,10
DA:100,10
DA:101,10
DA:102,1
DA:103,1
DA:104,1
DA:105,1
DA:106,1
DA:107,1
DA:108,1
DA:109,1
DA:110,2
DA:111,1
DA:112,1
DA:113,1
DA:114,1
DA:115,2
DA:116,1
DA:117,1
DA:118,1
DA:119,1
DA:120,1
DA:121,1
DA:122,1
DA:123,1
DA:124,1
DA:125,1
LF:125
LH:125
BRDA:6,0,0,3
BRDA:18,1,0,71
BRDA:19,2,0,70
BRDA:19,3,0,69
BRDA:19,4,0,69
BRDA:19,5,0,2
BRDA:23,6,0,69
BRDA:27,7,0,44
BRDA:28,8,0,43
BRDA:28,9,0,42
BRDA:28,10,0,42
BRDA:28,11,0,2
BRDA:32,12,0,42
BRDA:36,13,0,1
BRDA:78,14,0,1
BRDA:80,15,0,4
BRDA:81,16,0,16
BRDA:92,17,0,10
BRDA:93,18,0,160
BRDA:103,19,0,1
BRDA:109,20,0,2
BRDA:110,21,0,1
BRDA:117,22,0,1
BRF:23
BRH:23
end_of_record
TN:
SF:src\vector\index.ts
FN:5,<instance_members_initializer>
FN:8,Vector4
FN:15,getComponent
FN:19,setComponent
FN:23,getComponents
FN:32,get
FN:45,set x
FN:49,set y
FN:53,set z
FN:57,set w
FN:61,get x
FN:65,get y
FN:69,get z
FN:73,get w
FN:77,set
FN:84,copy
FN:88,subtract
FN:98,add
FN:108,magnitude
FN:114,normalize
FN:120,cross
FN:132,dot
FN:139,applyMatrix
FNF:23
FNH:23
FNDA:2,<instance_members_initializer>
FNDA:2,Vector4
FNDA:20,getComponent
FNDA:9,setComponent
FNDA:1,getComponents
FNDA:4,get
FNDA:2,set x
FNDA:2,set y
FNDA:2,set z
FNDA:2,set w
FNDA:5,get x
FNDA:4,get y
FNDA:4,get z
FNDA:4,get w
FNDA:22,set
FNDA:1,copy
FNDA:1,subtract
FNDA:1,add
FNDA:3,magnitude
FNDA:1,normalize
FNDA:1,cross
FNDA:1,dot
FNDA:1,applyMatrix
DA:1,1
DA:2,1
DA:3,1
DA:4,1
DA:5,1
DA:6,2
DA:7,2
DA:8,2
DA:9,2
DA:10,2
DA:11,2
DA:12,2
DA:13,2
DA:14,2
DA:15,2
DA:16,20
DA:17,20
DA:18,2
DA:19,2
DA:20,9
DA:21,9
DA:22,2
DA:23,2
DA:24,1
DA:25,1
DA:26,1
DA:27,1
DA:28,1
DA:29,1
DA:30,1
DA:31,2
DA:32,2
DA:33,4
DA:34,4
DA:35,1
DA:36,4
DA:37,1
DA:38,4
DA:39,1
DA:40,4
DA:41,1
DA:42,4
DA:43,4
DA:44,2
DA:45,2
DA:46,2
DA:47,2
DA:48,2
DA:49,2
DA:50,2
DA:51,2
DA:52,2
DA:53,2
DA:54,2
DA:55,2
DA:56,2
DA:57,2
DA:58,2
DA:59,2
DA:60,2
DA:61,2
DA:62,5
DA:63,5
DA:64,2
DA:65,2
DA:66,4
DA:67,4
DA:68,2
DA:69,2
DA:70,4
DA:71,4
DA:72,2
DA:73,2
DA:74,4
DA:75,4
DA:76,2
DA:77,2
DA:78,22
DA:79,22
DA:80,22
DA:81,22
DA:82,22
DA:83,2
DA:84,2
DA:85,1
DA:86,1
DA:87,2
DA:88,2
DA:89,1
DA:90,1
DA:91,1
DA:92,1
DA:93,1
DA:94,1
DA:95,1
DA:96,1
DA:97,2
DA:98,2
DA:99,1
DA:100,1
DA:101,1
DA:102,1
DA:103,1
DA:104,1
DA:105,1
DA:106,1
DA:107,2
DA:108,2
DA:109,3
DA:110,3
DA:111,3
DA:112,3
DA:113,2
DA:114,2
DA:115,1
DA:116,1
DA:117,1
DA:118,1
DA:119,2
DA:120,2
DA:121,1
DA:122,1
DA:123,1
DA:124,1
DA:125,1
DA:126,1
DA:127,1
DA:128,1
DA:129,1
DA:130,1
DA:131,2
DA:132,2
DA:133,1
DA:134,1
DA:135,1
DA:136,1
DA:137,1
DA:138,2
DA:139,2
DA:140,1
DA:141,1
DA:142,1
DA:143,1
DA:144,1
DA:145,1
DA:146,1
DA:147,1
DA:148,1
DA:149,1
DA:150,1
DA:151,1
DA:152,1
DA:153,1
DA:154,1
DA:155,1
DA:156,1
DA:157,1
DA:158,1
DA:159,1
DA:160,1
DA:161,1
DA:162,1
DA:163,1
DA:164,1
DA:165,1
DA:166,1
DA:167,2
LF:167
LH:167
BRDA:5,0,0,2
BRDA:8,1,0,2
BRDA:15,2,0,20
BRDA:19,3,0,9
BRDA:23,4,0,1
BRDA:32,5,0,4
BRDA:34,6,0,1
BRDA:36,7,0,1
BRDA:38,8,0,1
BRDA:40,9,0,1
BRDA:45,10,0,2
BRDA:49,11,0,2
BRDA:53,12,0,2
BRDA:57,13,0,2
BRDA:61,14,0,5
BRDA:65,15,0,4
BRDA:69,16,0,4
BRDA:73,17,0,4
BRDA:77,18,0,22
BRDA:84,19,0,1
BRDA:88,20,0,1
BRDA:98,21,0,1
BRDA:108,22,0,3
BRDA:114,23,0,1
BRDA:120,24,0,1
BRDA:132,25,0,1
BRDA:139,26,0,1
BRF:27
BRH:27
end_of_record
